<?xml version="1.0" encoding="UTF-8"?>
<testsuite name="com.pricing.PricingEngineTest" tests="2" skipped="0" failures="0" errors="0" timestamp="2026-04-24T13:51:51" hostname="DESKTOP-P77E7DP" time="0.091">
  <properties/>
  <testcase name="testRegularCustomerNoDiscount()" classname="com.pricing.PricingEngineTest" time="0.07"/>
  <testcase name="testVIPCustomerWithPromo()" classname="com.pricing.PricingEngineTest" time="0.011"/>
  <system-out><![CDATA[]]></system-out>
  <system-err><![CDATA[]]></system-err>
</testsuite>
